<?xml version="1.0" encoding="UTF-8"?>
<testsuites>
    <testsuite name="test/fixtures/tests/" tests="7" skipped="0" assertions="6" failures="2" errors="1" time="0.007625">
        <testsuite name="UnitTestWithClassAnnotationTest" tests="3" assertions="3" failures="1" errors="0" time="0.006109" file="/home/brian/Projects/parallel-phpunit/test/fixtures/tests/UnitTestWithClassAnnotationTest.php">
            <testcase name="testTruth" class="UnitTestWithClassAnnotationTest" file="/home/brian/Projects/parallel-phpunit/test/fixtures/tests/UnitTestWithClassAnnotationTest.php" line="10" assertions="1" time="0.001760"/>
            <testcase name="testFalsehood" class="UnitTestWithClassAnnotationTest" file="/home/brian/Projects/parallel-phpunit/test/fixtures/tests/UnitTestWithClassAnnotationTest.php" line="18" assertions="1" time="0.001195">
                <failure type="PHPUnit\Framework\ExpectationFailedException">UnitTestWithClassAnnotationTest::testFalsehood
                    Failed asserting that true is false.

                    /home/brian/Projects/parallel-phpunit/test/fixtures/tests/UnitTestWithClassAnnotationTest.php:20
                </failure>
            </testcase>
            <testcase name="testArrayLength" class="UnitTestWithClassAnnotationTest" file="/home/brian/Projects/parallel-phpunit/test/fixtures/tests/UnitTestWithClassAnnotationTest.php" line="26" assertions="1" time="0.003154"/>
        </testsuite>
        <testsuite name="UnitTestWithErrorTest" file="/home/brian/Projects/parallel-phpunit/test/fixtures/tests/UnitTestWithErrorTest.php" tests="1" assertions="0" failures="0" errors="1" time="0.000397">
            <testcase name="testTruth" class="UnitTestWithErrorTest" file="/home/brian/Projects/parallel-phpunit/test/fixtures/tests/UnitTestWithErrorTest.php" line="" assertions="0" time="0.000397">
                <error type="Exception">UnitTestWithErrorTest::testTruth
                    Exception: Error!!!

                    /home/brian/Projects/parallel-phpunit/test/fixtures/tests/UnitTestWithErrorTest.php:12
                </error>
            </testcase>
        </testsuite>
        <testsuite name="UnitTestWithMethodAnnotationsTest" file="/home/brian/Projects/parallel-phpunit/test/fixtures/tests/UnitTestWithMethodAnnotationsTest.php" tests="3" assertions="3" failures="1" errors="0" time="0.001119">
            <testcase name="testTruth" class="UnitTestWithMethodAnnotationsTest" file="/home/brian/Projects/parallel-phpunit/test/fixtures/tests/UnitTestWithMethodAnnotationsTest.php" line="7" assertions="1" time="0.000341"/>
            <testcase name="testFalsehood" class="UnitTestWithMethodAnnotationsTest" file="/home/brian/Projects/parallel-phpunit/test/fixtures/tests/UnitTestWithMethodAnnotationsTest.php" line="" assertions="1" time="0.000402">
                <failure type="PHPUnit\Framework\ExpectationFailedException">UnitTestWithMethodAnnotationsTest::testFalsehood
                    Failed asserting that true is false.

                    /home/brian/Projects/parallel-phpunit/test/fixtures/tests/UnitTestWithMethodAnnotationsTest.php:18
                </failure>
            </testcase>
            <testcase name="testArrayLength" class="UnitTestWithMethodAnnotationsTest" file="/home/brian/Projects/parallel-phpunit/test/fixtures/tests/UnitTestWithMethodAnnotationsTest.php" line="25" assertions="1" time="0.000376"/>
        </testsuite>
    </testsuite>
</testsuites>
