<?xml version="1.0" encoding="UTF-8"?>
<testsuites>
  <testsuite name="ParaTest\Tests\fixtures\system_out\SystemOutTest" file="./test/fixtures/system_out/SystemOutTest.php" tests="4" assertions="2" errors="2" failures="1" skipped="0" time="1.234567">
    <testcase name="testError" file="./test/fixtures/system_out/SystemOutTest.php" line="11" class="ParaTest\Tests\fixtures\system_out\SystemOutTest" classname="ParaTest.Tests.fixtures.system_out.SystemOutTest" assertions="0" time="1.234567">
      <error type="Error">ParaTest\Tests\fixtures\system_out\SystemOutTest::testError
Error: Call to undefined function ParaTest\Tests\fixtures\system_out\foo()

./test/fixtures/system_out/SystemOutTest.php:14</error>
    </testcase>
    <testcase name="testFailure" file="./test/fixtures/system_out/SystemOutTest.php" line="17" class="ParaTest\Tests\fixtures\system_out\SystemOutTest" classname="ParaTest.Tests.fixtures.system_out.SystemOutTest" assertions="1" time="1.234567">
      <failure type="PHPUnit\Framework\ExpectationFailedException">ParaTest\Tests\fixtures\system_out\SystemOutTest::testFailure
Failed asserting that true is false.

./test/fixtures/system_out/SystemOutTest.php:20</failure>
    </testcase>
    <testcase name="testRisky" file="./test/fixtures/system_out/SystemOutTest.php" line="23" class="ParaTest\Tests\fixtures\system_out\SystemOutTest" classname="ParaTest.Tests.fixtures.system_out.SystemOutTest" assertions="0" time="1.234567">
      <error type="PHPUnit\Framework\RiskyTest">ParaTest\Tests\fixtures\system_out\SystemOutTest::testRisky
This test did not perform any assertions</error>
    </testcase>
    <testcase name="testSuccess" file="./test/fixtures/system_out/SystemOutTest.php" line="28" class="ParaTest\Tests\fixtures\system_out\SystemOutTest" classname="ParaTest.Tests.fixtures.system_out.SystemOutTest" assertions="1" time="1.234567"/>
  </testsuite>
</testsuites>
