<?xml version="1.0" encoding="UTF-8"?>
<testsuites>
  <testsuite name="test/fixtures/tests/" tests="19" assertions="10" errors="3" warnings="2" failures="3" skipped="4" time="0.001489">
    <testsuite name="Fixtures\Tests\UnitTestWithClassAnnotationTest" file="/home/brian/Projects/parallel-phpunit/test/fixtures/failing_tests/UnitTestWithClassAnnotationTest.php" tests="4" assertions="4" errors="0" warnings="0" failures="1" skipped="0" time="0.000357">
      <testcase name="testTruth" class="Fixtures\Tests\UnitTestWithClassAnnotationTest" classname="Fixtures.Tests.UnitTestWithClassAnnotationTest" file="/home/brian/Projects/parallel-phpunit/test/fixtures/failing_tests/UnitTestWithClassAnnotationTest.php" line="21" assertions="1" time="0.000042"/>
      <testcase name="testFalsehood" class="Fixtures\Tests\UnitTestWithClassAnnotationTest" classname="Fixtures.Tests.UnitTestWithClassAnnotationTest" file="/home/brian/Projects/parallel-phpunit/test/fixtures/failing_tests/UnitTestWithClassAnnotationTest.php" line="30" assertions="1" time="0.000084">
        <failure type="PHPUnit\Framework\ExpectationFailedException">Fixtures\Tests\UnitTestWithClassAnnotationTest::testFalsehood
Failed asserting that true is false.

/home/brian/Projects/parallel-phpunit/test/fixtures/failing_tests/UnitTestWithClassAnnotationTest.php:32
</failure>
      </testcase>
      <testcase name="testArrayLength" class="Fixtures\Tests\UnitTestWithClassAnnotationTest" classname="Fixtures.Tests.UnitTestWithClassAnnotationTest" file="/home/brian/Projects/parallel-phpunit/test/fixtures/failing_tests/UnitTestWithClassAnnotationTest.php" line="38" assertions="1" time="0.000169"/>
      <testcase name="itsATest" class="Fixtures\Tests\UnitTestWithClassAnnotationTest" classname="Fixtures.Tests.UnitTestWithClassAnnotationTest" file="/home/brian/Projects/parallel-phpunit/test/fixtures/failing_tests/UnitTestWithClassAnnotationTest.php" line="47" assertions="1" time="0.000062"/>
    </testsuite>
    <testsuite name="UnitTestWithErrorTest" file="/home/brian/Projects/parallel-phpunit/test/fixtures/failing_tests/UnitTestWithErrorTest.php" tests="8" assertions="3" errors="2" warnings="1" failures="1" skipped="2" time="0.000771">
      <testcase name="testTruth" class="UnitTestWithErrorTest" classname="UnitTestWithErrorTest" file="/home/brian/Projects/parallel-phpunit/test/fixtures/failing_tests/UnitTestWithErrorTest.php" line="15" assertions="0" time="0.000218">
        <error type="Exception">UnitTestWithErrorTest::testTruth
Exception: Error!!!

/home/brian/Projects/parallel-phpunit/test/fixtures/failing_tests/UnitTestWithErrorTest.php:17
</error>
      </testcase>
      <testcase name="isItFalse" class="UnitTestWithErrorTest" classname="UnitTestWithErrorTest" file="/home/brian/Projects/parallel-phpunit/test/fixtures/failing_tests/UnitTestWithErrorTest.php" line="25" assertions="1" time="0.000049"/>
      <testcase name="testFalsehood" class="UnitTestWithErrorTest" classname="UnitTestWithErrorTest" file="/home/brian/Projects/parallel-phpunit/test/fixtures/failing_tests/UnitTestWithErrorTest.php" line="18" assertions="1" time="0.000061">
        <failure type="PHPUnit\Framework\ExpectationFailedException">UnitTestWithErrorTest::testFalsehood
Failed asserting that true is false.

/home/brian/Projects/parallel-phpunit/test/fixtures/failing_tests/UnitTestWithMethodAnnotationsTest.php:20
</failure>
      </testcase>
      <testcase name="testArrayLength" class="UnitTestWithErrorTest" classname="UnitTestWithErrorTest" file="/home/brian/Projects/parallel-phpunit/test/fixtures/failing_tests/UnitTestWithErrorTest.php" line="26" assertions="1" time="0.000039"/>
      <testcase name="testWarning" class="UnitTestWithErrorTest" classname="UnitTestWithErrorTest" file="/home/brian/Projects/parallel-phpunit/test/fixtures/failing_tests/UnitTestWithErrorTest.php" line="35" assertions="0" time="0.000107">
        <warning type="PHPUnit\Framework\Warning">UnitTestWithErrorTest::testWarning
Function 1 deprecated
</warning>
      </testcase>
      <testcase name="testSkipped" class="UnitTestWithErrorTest" classname="UnitTestWithErrorTest" file="/home/brian/Projects/parallel-phpunit/test/fixtures/failing_tests/UnitTestWithErrorTest.php" line="43" assertions="0" time="0.000121">
        <skipped/>
      </testcase>
      <testcase name="testIncomplete" class="UnitTestWithErrorTest" classname="UnitTestWithErrorTest" file="/home/brian/Projects/parallel-phpunit/test/fixtures/failing_tests/UnitTestWithErrorTest.php" line="51" assertions="0" time="0.000126">
        <skipped/>
      </testcase>
      <testcase name="testRisky" class="UnitTestWithErrorTest" classname="UnitTestWithErrorTest" file="/home/brian/Projects/parallel-phpunit/test/fixtures/failing_tests/UnitTestWithErrorTest.php" line="59" assertions="0" time="0.000050">
        <error type="PHPUnit\Framework\RiskyTestError">Risky Test
</error>
      </testcase>
    </testsuite>
    <testsuite name="UnitTestWithMethodAnnotationsTest" file="/home/brian/Projects/parallel-phpunit/test/fixtures/failing_tests/UnitTestWithMethodAnnotationsTest.php" tests="7" assertions="3" errors="1" warnings="1" failures="1" skipped="2" time="0.000361">
      <testcase name="testTruth" class="UnitTestWithMethodAnnotationsTest" classname="UnitTestWithMethodAnnotationsTest" file="/home/brian/Projects/parallel-phpunit/test/fixtures/failing_tests/UnitTestWithMethodAnnotationsTest.php" line="10" assertions="1" time="0.000041"/>
      <testcase name="testFalsehood" class="UnitTestWithMethodAnnotationsTest" classname="UnitTestWithMethodAnnotationsTest" file="/home/brian/Projects/parallel-phpunit/test/fixtures/failing_tests/UnitTestWithMethodAnnotationsTest.php" line="18" assertions="1" time="0.000061">
        <failure type="PHPUnit\Framework\ExpectationFailedException">UnitTestWithMethodAnnotationsTest::testFalsehood
Failed asserting that true is false.

/home/brian/Projects/parallel-phpunit/test/fixtures/failing_tests/UnitTestWithMethodAnnotationsTest.php:20
</failure>
      </testcase>
      <testcase name="testArrayLength" class="UnitTestWithMethodAnnotationsTest" classname="UnitTestWithMethodAnnotationsTest" file="/home/brian/Projects/parallel-phpunit/test/fixtures/failing_tests/UnitTestWithMethodAnnotationsTest.php" line="26" assertions="1" time="0.000041"/>
      <testcase name="testWarning" class="UnitTestWithMethodAnnotationsTest" classname="UnitTestWithMethodAnnotationsTest" file="/home/brian/Projects/parallel-phpunit/test/fixtures/failing_tests/UnitTestWithMethodAnnotationsTest.php" line="35" assertions="0" time="0.000064">
        <warning type="PHPUnit\Framework\Warning">UnitTestWithMethodAnnotationsTest::testWarning
Function 2 deprecated
</warning>
      </testcase>
      <testcase name="testSkipped" class="UnitTestWithMethodAnnotationsTest" classname="UnitTestWithMethodAnnotationsTest" file="/home/brian/Projects/parallel-phpunit/test/fixtures/failing_tests/UnitTestWithMethodAnnotationsTest.php" line="43" assertions="0" time="0.000051">
        <skipped/>
      </testcase>
      <testcase name="testIncomplete" class="UnitTestWithMethodAnnotationsTest" classname="UnitTestWithMethodAnnotationsTest" file="/home/brian/Projects/parallel-phpunit/test/fixtures/failing_tests/UnitTestWithMethodAnnotationsTest.php" line="51" assertions="0" time="0.000062">
        <skipped/>
      </testcase>
      <testcase name="testRisky" class="UnitTestWithMethodAnnotationsTest" classname="UnitTestWithMethodAnnotationsTest" file="/home/brian/Projects/parallel-phpunit/test/fixtures/failing_tests/UnitTestWithMethodAnnotationsTest.php" line="59" assertions="0" time="0.000041">
        <error type="PHPUnit\Framework\RiskyTestError">Risky Test
</error>
      </testcase>
    </testsuite>
  </testsuite>
</testsuites>
