<?xml version="1.0" encoding="UTF-8"?>
<testsuites name="PHPUnit tests">
  <testsuite name="ParaTest\Tests\fixtures\common_results\IncompleteTest" file="./test/fixtures/common_results/IncompleteTest.php" tests="1" assertions="0" errors="0" failures="0" skipped="1" time="1.234567">
    <testcase name="testIncomplete" file="./test/fixtures/common_results/IncompleteTest.php" line="12" class="ParaTest\Tests\fixtures\common_results\IncompleteTest" classname="ParaTest.Tests.fixtures.common_results.IncompleteTest" assertions="0" time="1.234567">
      <skipped/>
    </testcase>
  </testsuite>
</testsuites>
